2026-03-03 15:13:34,813 - INFO - ============================================================
2026-03-03 15:13:34,814 - INFO - AI Employee Task Processor
2026-03-03 15:13:34,814 - INFO - ============================================================
2026-03-03 15:13:34,814 - INFO - Checking Inbox folder...
2026-03-03 15:13:34,814 - INFO - --------------------------------------------------
2026-03-03 15:13:34,815 - INFO - Processing task: Test_Needs_Approval.md
2026-03-03 15:13:34,815 - INFO - Source folder: Inbox
2026-03-03 15:13:34,815 - INFO - Absolute path: C:\Users\ADMIN\Documents\GitHub\Personal AI Employee Hackathon 0\AI_Employee_Vault\Inbox\Test_Needs_Approval.md
2026-03-03 15:13:34,827 - INFO - Parsed task: Task Requiring Human Approval
2026-03-03 15:13:34,827 - INFO - Plan created: Plan_20260303_151334_Test_Needs_Approval.md
2026-03-03 15:13:34,828 - INFO - Task processed successfully: Task Requiring Human Approval
2026-03-03 15:13:34,828 - INFO - Keyword 'approval' detected - task requires human review
2026-03-03 15:13:34,828 - INFO - Task requires human review: Test_Needs_Approval.md
2026-03-03 15:13:34,830 - INFO - Moved to Needs_Action successfully: NeedsAction_20260303_151334_Test_Needs_Approval.md
2026-03-03 15:13:34,830 - INFO - Plan kept in Plans folder for reference: Plan_20260303_151334_Test_Needs_Approval.md
2026-03-03 15:13:34,832 - INFO - ==================================================
2026-03-03 15:13:34,832 - INFO - SUCCESS: Test_Needs_Approval.md moved to Needs_Action/
2026-03-03 15:13:34,832 - INFO - ==================================================
2026-03-03 15:13:34,832 - INFO - Updating Dashboard.md...
2026-03-03 15:13:34,836 - INFO - Dashboard.md updated successfully
2026-03-03 15:13:34,837 - INFO - --------------------------------------------------
2026-03-03 15:13:34,837 - INFO - Processing task: Test_Routine_Task.md
2026-03-03 15:13:34,837 - INFO - Source folder: Inbox
2026-03-03 15:13:34,838 - INFO - Absolute path: C:\Users\ADMIN\Documents\GitHub\Personal AI Employee Hackathon 0\AI_Employee_Vault\Inbox\Test_Routine_Task.md
2026-03-03 15:13:34,857 - INFO - Parsed task: Routine Data Processing Task
2026-03-03 15:13:34,859 - INFO - Plan created: Plan_20260303_151334_Test_Routine_Task.md
2026-03-03 15:13:34,859 - INFO - Task processed successfully: Routine Data Processing Task
2026-03-03 15:13:34,859 - INFO - Keyword 'human' detected - task requires human review
2026-03-03 15:13:34,859 - INFO - Task requires human review: Test_Routine_Task.md
2026-03-03 15:13:34,860 - INFO - Moved to Needs_Action successfully: NeedsAction_20260303_151334_Test_Routine_Task.md
2026-03-03 15:13:34,861 - INFO - Plan kept in Plans folder for reference: Plan_20260303_151334_Test_Routine_Task.md
2026-03-03 15:13:34,862 - INFO - ==================================================
2026-03-03 15:13:34,862 - INFO - SUCCESS: Test_Routine_Task.md moved to Needs_Action/
2026-03-03 15:13:34,862 - INFO - ==================================================
2026-03-03 15:13:34,862 - INFO - Updating Dashboard.md...
2026-03-03 15:13:34,866 - INFO - Dashboard.md updated successfully
2026-03-03 15:13:34,866 - INFO - Total processed: 2 task(s)
2026-03-03 15:13:34,866 - INFO - Updating Dashboard.md...
2026-03-03 15:13:34,869 - INFO - Dashboard.md updated successfully
2026-03-03 15:13:34,869 - INFO - Processing complete.
2026-03-03 15:13:53,596 - INFO - ============================================================
2026-03-03 15:13:53,597 - INFO - AI Employee Task Processor
2026-03-03 15:13:53,597 - INFO - ============================================================
2026-03-03 15:13:53,597 - INFO - Checking Inbox folder...
2026-03-03 15:13:53,598 - INFO - --------------------------------------------------
2026-03-03 15:13:53,598 - INFO - Processing task: Test_Routine_Auto.md
2026-03-03 15:13:53,598 - INFO - Source folder: Inbox
2026-03-03 15:13:53,598 - INFO - Absolute path: C:\Users\ADMIN\Documents\GitHub\Personal AI Employee Hackathon 0\AI_Employee_Vault\Inbox\Test_Routine_Auto.md
2026-03-03 15:13:53,626 - INFO - Parsed task: Routine Data Processing Task
2026-03-03 15:13:53,627 - INFO - Plan created: Plan_20260303_151353_Test_Routine_Auto.md
2026-03-03 15:13:53,627 - INFO - Task processed successfully: Routine Data Processing Task
2026-03-03 15:13:53,628 - INFO - Keyword 'manual' detected - task requires human review
2026-03-03 15:13:53,628 - INFO - Task requires human review: Test_Routine_Auto.md
2026-03-03 15:13:53,629 - INFO - Moved to Needs_Action successfully: NeedsAction_20260303_151353_Test_Routine_Auto.md
2026-03-03 15:13:53,630 - INFO - Plan kept in Plans folder for reference: Plan_20260303_151353_Test_Routine_Auto.md
2026-03-03 15:13:53,631 - INFO - ==================================================
2026-03-03 15:13:53,631 - INFO - SUCCESS: Test_Routine_Auto.md moved to Needs_Action/
2026-03-03 15:13:53,632 - INFO - ==================================================
2026-03-03 15:13:53,632 - INFO - Updating Dashboard.md...
2026-03-03 15:13:53,636 - INFO - Dashboard.md updated successfully
2026-03-03 15:13:53,636 - INFO - Total processed: 1 task(s)
2026-03-03 15:13:53,636 - INFO - Updating Dashboard.md...
2026-03-03 15:13:53,639 - INFO - Dashboard.md updated successfully
2026-03-03 15:13:53,639 - INFO - Processing complete.
2026-03-03 15:14:20,061 - INFO - ============================================================
2026-03-03 15:14:20,061 - INFO - AI Employee Task Processor
2026-03-03 15:14:20,061 - INFO - ============================================================
2026-03-03 15:14:20,062 - INFO - Checking Inbox folder...
2026-03-03 15:14:20,062 - INFO - --------------------------------------------------
2026-03-03 15:14:20,062 - INFO - Processing task: Test_Clean_Routine.md
2026-03-03 15:14:20,062 - INFO - Source folder: Inbox
2026-03-03 15:14:20,062 - INFO - Absolute path: C:\Users\ADMIN\Documents\GitHub\Personal AI Employee Hackathon 0\AI_Employee_Vault\Inbox\Test_Clean_Routine.md
2026-03-03 15:14:20,080 - INFO - Parsed task: Automated Backup Task
2026-03-03 15:14:20,081 - INFO - Plan created: Plan_20260303_151420_Test_Clean_Routine.md
2026-03-03 15:14:20,082 - INFO - Task processed successfully: Automated Backup Task
2026-03-03 15:14:20,082 - INFO - Keyword 'verify' detected - task requires human review
2026-03-03 15:14:20,082 - INFO - Task requires human review: Test_Clean_Routine.md
2026-03-03 15:14:20,083 - INFO - Moved to Needs_Action successfully: NeedsAction_20260303_151420_Test_Clean_Routine.md
2026-03-03 15:14:20,084 - INFO - Plan kept in Plans folder for reference: Plan_20260303_151420_Test_Clean_Routine.md
2026-03-03 15:14:20,085 - INFO - ==================================================
2026-03-03 15:14:20,085 - INFO - SUCCESS: Test_Clean_Routine.md moved to Needs_Action/
2026-03-03 15:14:20,085 - INFO - ==================================================
2026-03-03 15:14:20,085 - INFO - Updating Dashboard.md...
2026-03-03 15:14:20,089 - INFO - Dashboard.md updated successfully
2026-03-03 15:14:20,089 - INFO - Total processed: 1 task(s)
2026-03-03 15:14:20,089 - INFO - Updating Dashboard.md...
2026-03-03 15:14:20,092 - INFO - Dashboard.md updated successfully
2026-03-03 15:14:20,092 - INFO - Processing complete.
2026-03-03 15:14:46,981 - INFO - ============================================================
2026-03-03 15:14:46,982 - INFO - AI Employee Task Processor
2026-03-03 15:14:46,982 - INFO - ============================================================
2026-03-03 15:14:46,982 - INFO - Checking Inbox folder...
2026-03-03 15:14:46,983 - INFO - --------------------------------------------------
2026-03-03 15:14:46,983 - INFO - Processing task: Test_Simple_Routine.md
2026-03-03 15:14:46,983 - INFO - Source folder: Inbox
2026-03-03 15:14:46,983 - INFO - Absolute path: C:\Users\ADMIN\Documents\GitHub\Personal AI Employee Hackathon 0\AI_Employee_Vault\Inbox\Test_Simple_Routine.md
2026-03-03 15:14:47,008 - INFO - Parsed task: Daily Log Cleanup
2026-03-03 15:14:47,009 - INFO - Plan created: Plan_20260303_151447_Test_Simple_Routine.md
2026-03-03 15:14:47,009 - INFO - Task processed successfully: Daily Log Cleanup
2026-03-03 15:14:47,010 - INFO - Task is routine, completing: Test_Simple_Routine.md
2026-03-03 15:14:47,012 - INFO - Task moved to Done: Done_20260303_151447_Test_Simple_Routine.md
2026-03-03 15:14:47,013 - INFO - Plan moved to Done: Done_20260303_151447_Plan_20260303_151447_Test_Simple_Routine.md
2026-03-03 15:14:47,015 - INFO - ==================================================
2026-03-03 15:14:47,015 - INFO - SUCCESS: Test_Simple_Routine.md processed and moved to Done/
2026-03-03 15:14:47,015 - INFO - ==================================================
2026-03-03 15:14:47,015 - INFO - Updating Dashboard.md...
2026-03-03 15:14:47,021 - INFO - Dashboard.md updated successfully
2026-03-03 15:14:47,021 - INFO - Total processed: 1 task(s)
2026-03-03 15:14:47,022 - INFO - Updating Dashboard.md...
2026-03-03 15:14:47,025 - INFO - Dashboard.md updated successfully
2026-03-03 15:14:47,026 - INFO - Processing complete.
2026-03-03 15:20:01,933 - INFO - ============================================================
2026-03-03 15:20:01,934 - INFO - AI Employee Task Processor
2026-03-03 15:20:01,934 - INFO - ============================================================
2026-03-03 15:20:01,934 - INFO - --------------------------------------------------
2026-03-03 15:20:01,935 - INFO - Processing task: tasti.md
2026-03-03 15:20:01,935 - INFO - Source folder: Inbox
2026-03-03 15:20:01,935 - INFO - Absolute path: C:\Users\ADMIN\Documents\GitHub\Personal AI Employee Hackathon 0\AI_Employee_Vault\Inbox\tasti.md
2026-03-03 15:20:01,950 - INFO - Parsed task: tasti
2026-03-03 15:20:01,951 - INFO - Plan created: Plan_20260303_152001_tasti.md
2026-03-03 15:20:01,952 - INFO - Task processed successfully: tasti
2026-03-03 15:20:01,952 - INFO - Keyword 'approval' detected - task requires human review
2026-03-03 15:20:01,952 - INFO - Task requires human review: tasti.md
2026-03-03 15:20:01,953 - INFO - Moved to Needs_Action successfully: NeedsAction_20260303_152001_tasti.md
2026-03-03 15:20:01,953 - INFO - Plan kept in Plans folder for reference: Plan_20260303_152001_tasti.md
2026-03-03 15:20:01,955 - INFO - ==================================================
2026-03-03 15:20:01,955 - INFO - SUCCESS: tasti.md moved to Needs_Action/
2026-03-03 15:20:01,955 - INFO - ==================================================
2026-03-03 15:20:01,955 - INFO - Updating Dashboard.md...
2026-03-03 15:20:01,981 - INFO - Dashboard.md updated successfully
2026-03-03 15:20:25,377 - INFO - ============================================================
2026-03-03 15:20:25,377 - INFO - AI Employee Task Processor
2026-03-03 15:20:25,377 - INFO - ============================================================
2026-03-03 15:20:25,377 - INFO - --------------------------------------------------
2026-03-03 15:20:25,377 - INFO - Processing task: tasti.md
2026-03-03 15:20:25,377 - INFO - Source folder: Inbox
2026-03-03 15:20:25,378 - INFO - Absolute path: C:\Users\ADMIN\Documents\GitHub\Personal AI Employee Hackathon 0\AI_Employee_Vault\Inbox\tasti.md
2026-03-03 15:20:25,389 - INFO - SKIP: File already processed: tasti.md
2026-03-03 15:20:25,389 - INFO - To reprocess, remove the filename from Logs/processed_files.log
2026-03-03 15:20:33,207 - INFO - ============================================================
2026-03-03 15:20:33,208 - INFO - AI Employee Task Processor
2026-03-03 15:20:33,208 - INFO - ============================================================
2026-03-03 15:20:33,208 - INFO - --------------------------------------------------
2026-03-03 15:20:33,209 - INFO - Processing task: tasti.md
2026-03-03 15:20:33,209 - INFO - Source folder: Inbox
2026-03-03 15:20:33,209 - INFO - Absolute path: C:\Users\ADMIN\Documents\GitHub\Personal AI Employee Hackathon 0\AI_Employee_Vault\Inbox\tasti.md
2026-03-03 15:20:33,209 - INFO - SKIP: File already processed: tasti.md
2026-03-03 15:20:33,210 - INFO - To reprocess, remove the filename from Logs/processed_files.log
2026-03-03 15:20:33,461 - INFO - ============================================================
2026-03-03 15:20:33,461 - INFO - AI Employee Task Processor
2026-03-03 15:20:33,462 - INFO - ============================================================
2026-03-03 15:20:33,462 - INFO - --------------------------------------------------
2026-03-03 15:20:33,462 - INFO - Processing task: tasti.md
2026-03-03 15:20:33,462 - INFO - Source folder: Inbox
2026-03-03 15:20:33,462 - INFO - Absolute path: C:\Users\ADMIN\Documents\GitHub\Personal AI Employee Hackathon 0\AI_Employee_Vault\Inbox\tasti.md
2026-03-03 15:20:33,462 - INFO - SKIP: File already processed: tasti.md
2026-03-03 15:20:33,462 - INFO - To reprocess, remove the filename from Logs/processed_files.log
2026-03-03 15:20:34,700 - INFO - ============================================================
2026-03-03 15:20:34,700 - INFO - AI Employee Task Processor
2026-03-03 15:20:34,700 - INFO - ============================================================
2026-03-03 15:20:34,701 - INFO - --------------------------------------------------
2026-03-03 15:20:34,701 - INFO - Processing task: tasti.md
2026-03-03 15:20:34,701 - INFO - Source folder: Inbox
2026-03-03 15:20:34,701 - INFO - Absolute path: C:\Users\ADMIN\Documents\GitHub\Personal AI Employee Hackathon 0\AI_Employee_Vault\Inbox\tasti.md
2026-03-03 15:20:34,701 - INFO - SKIP: File already processed: tasti.md
2026-03-03 15:20:34,701 - INFO - To reprocess, remove the filename from Logs/processed_files.log
2026-03-03 15:20:34,829 - INFO - ============================================================
2026-03-03 15:20:34,830 - INFO - AI Employee Task Processor
2026-03-03 15:20:34,830 - INFO - ============================================================
2026-03-03 15:20:34,830 - INFO - --------------------------------------------------
2026-03-03 15:20:34,830 - INFO - Processing task: tasti.md
2026-03-03 15:20:34,830 - INFO - Source folder: Inbox
2026-03-03 15:20:34,830 - INFO - Absolute path: C:\Users\ADMIN\Documents\GitHub\Personal AI Employee Hackathon 0\AI_Employee_Vault\Inbox\tasti.md
2026-03-03 15:20:34,830 - INFO - SKIP: File already processed: tasti.md
2026-03-03 15:20:34,831 - INFO - To reprocess, remove the filename from Logs/processed_files.log
2026-03-03 15:21:59,425 - INFO - ============================================================
2026-03-03 15:21:59,426 - INFO - AI Employee Task Processor
2026-03-03 15:21:59,426 - INFO - ============================================================
2026-03-03 15:21:59,426 - INFO - Checking Inbox folder...
2026-03-03 15:21:59,427 - INFO - --------------------------------------------------
2026-03-03 15:21:59,427 - INFO - Processing task: tasti.md
2026-03-03 15:21:59,427 - INFO - Source folder: Inbox
2026-03-03 15:21:59,428 - INFO - Absolute path: C:\Users\ADMIN\Documents\GitHub\Personal AI Employee Hackathon 0\AI_Employee_Vault\Inbox\tasti.md
2026-03-03 15:21:59,428 - INFO - SKIP: File already processed: tasti.md
2026-03-03 15:21:59,429 - INFO - To reprocess, remove the filename from Logs/processed_files.log
2026-03-03 15:21:59,429 - INFO - Total processed: 1 task(s)
2026-03-03 15:21:59,429 - INFO - Updating Dashboard.md...
2026-03-03 15:21:59,448 - INFO - Dashboard.md updated successfully
2026-03-03 15:21:59,448 - INFO - Processing complete.
